<?xml version="1.0" encoding="UTF-8"?>
<testsuite name="com.app.server.service.organization.contactmanagement.CommunicationTypeTestCase" tests="5" skipped="0" failures="0" errors="0" timestamp="2016-05-31T09:34:21" hostname="e5eeb6892273" time="0.09">
  <properties/>
  <testcase name="test1Save" classname="com.app.server.service.organization.contactmanagement.CommunicationTypeTestCase" time="0.038"/>
  <testcase name="test2Update" classname="com.app.server.service.organization.contactmanagement.CommunicationTypeTestCase" time="0.012"/>
  <testcase name="test3FindById" classname="com.app.server.service.organization.contactmanagement.CommunicationTypeTestCase" time="0.006"/>
  <testcase name="test5NegativeTesting" classname="com.app.server.service.organization.contactmanagement.CommunicationTypeTestCase" time="0.01"/>
  <testcase name="test6Delete" classname="com.app.server.service.organization.contactmanagement.CommunicationTypeTestCase" time="0.023"/>
  <system-out><![CDATA[Tue May 31 09:34:21 UTC 2016|Log Manager Factory|Initialization Process started.....
Tue May 31 09:34:21 UTC 2016|Log Manager|Initialized with Path = [/home/applifire/workspace/appone/src/main/webapp/WEB-INF/conf]
Tue May 31 09:34:21 UTC 2016|Alarm Manager|Initialized with Path = [/home/applifire/workspace/appone/src/main/webapp/WEB-INF/conf]
Tue May 31 09:34:21 UTC 2016|Alarm Manager|Loading Alarms ......
Tue May 31 09:34:21 UTC 2016|Alarm XML Parser|FWA|XML Parsing Complete........ 
Tue May 31 09:34:21 UTC 2016|Alarm File Manager|FWA|Alarm File Status.. [ApplicationFrameworkAlarms.xml]|Version=15|Status=Done 
Tue May 31 09:34:21 UTC 2016|Alarm File Manager|FWA|Alarm Stats = ( BC/AL=4/564 SYS=4/10 [564/0]  TPL=0/0 [0/0]  APP= A.Map=[645]  E.Map EC/RC=[237/66] )
Tue May 31 09:34:21 UTC 2016|Alarm XML Parser|APP|XML Parsing Complete........ 
Tue May 31 09:34:21 UTC 2016|Alarm File Manager|APP|Alarm File Status.. [ApplicationAlarms.xml]|Version=1|Status=Done 
Tue May 31 09:34:21 UTC 2016|Alarm File Manager|APP|Alarm Stats = ( BC/AL=4/564 SYS=4/10 [564/0]  TPL=0/0 [0/0]  APP=0/0 [0/0]  A.Map=[645]  E.Map EC/RC=[237/66] )
Tue May 31 09:34:21 UTC 2016|ApplicationAlarmContext| <><><><><> Create App Alarms ....  <><><><><> 
Tue May 31 09:34:21 UTC 2016|ApplicationAlarmContext|Alarms are generated ONLY in Development Mode.. 
Tue May 31 09:34:21 UTC 2016|Alarm Manager|APP|Alarm Stats = ( BC/AL=4/564 SYS=4/10 [564/0]  TPL=0/0 [0/0]  APP=0/0 [0/0]  A.Map=[645]  E.Map EC/RC=[237/66] )
Tue May 31 09:34:21 UTC 2016|Alarm Manager|Initialized Exception Lookup...
Tue May 31 09:34:21 UTC 2016|Log Manager|Initialize Log Config File ......
Tue May 31 09:34:21 UTC 2016|Pluggable Connectors|Adding Connectors : StandardOutputConnector isEnabled=true isDefault=false isFallBack=true
Tue May 31 09:34:21 UTC 2016|Pluggable Connectors|Adding Connectors : StandardFileConnector isEnabled=true isDefault=false isFallBack=false
Tue May 31 09:34:21 UTC 2016|Pluggable Connectors|Adding Connectors : Sprinkler isEnabled=true isDefault=true isFallBack=false
Tue May 31 09:34:21 UTC 2016|Pluggable Connectors|Default Connector Name : com.spartan.logger.core.LogMessenger
Tue May 31 09:34:21 UTC 2016|Log Config Parser|Connector Least Log Level =[4]  FallBack Log Level =[3]
Tue May 31 09:34:21 UTC 2016|Log Manager|Loading Default Connector for Logging ......
Tue May 31 09:34:21 UTC 2016|Log Manager|Loading class .. com.spartan.logger.core.LogMessenger
Tue May 31 09:34:21 UTC 2016|Plugggable Connector|Connector class com.spartan.logger.core.LogMessenger Initialized... @ Log Level = 3
Tue May 31 09:34:21 UTC 2016|Log Manager|Starting the Default Connector [com.spartan.logger.core.LogMessenger@da65f1d] ....
Tue May 31 09:34:21 UTC 2016|Scheduler|Starting the Scheduler ......
Tue May 31 09:34:21 UTC 2016|Scheduler|Adding [LMID=[81c2f5bd-6669-4712-b554-6ba73d5b61a9]] Delay=5 Time Unit=MINUTES
Tue May 31 09:34:21 UTC 2016|Scheduler|Adding [App Alarm Manager File=[ApplicationAlarms.xml]] Delay=30 Time Unit=MINUTES
Tue May 31 09:34:21 UTC 2016|Scheduler|Adding [FW Alarm Manager File=[ApplicationFrameworkAlarms.xml]] Delay=3 Time Unit=MINUTES
Tue May 31 09:34:21 UTC 2016|Scheduler|Startup Completed..
Tue May 31 09:34:21 UTC 2016|Log Manager|Initialization Process Complete ......
Tue May 31 09:34:21 UTC 2016|Log Manager Factory|Log Manager READY! ID = 81c2f5bd-6669-4712-b554-6ba73d5b61a9
[EL Fine]: sql: 2016-05-31 09:34:21.395--ClientSession(2110773196)--Connection(1877211027)--Thread(Thread[Test worker,5,main])--INSERT INTO ast_CommunicationGroup_M (commGroupId, commGroupDescription, commGroupName, versionId, createdBy, createdDate, updatedBy, updatedDate, activeStatus, txnAccessCode) VALUES (?, ?, ?, ?, ?, ?, ?, ?, ?, ?)
	bind => [22781FE4-22C9-4BA1-80CC-ECE148B72690, SgUSgGtJLQ3Iir03KmxbHnZdkteXBHjZwuCOK5TJNNUqJGMr6A, qUOM76DePBAMf1E8c1kbf0eijirTDAy8QjLDOgsIilEKZctSl4, 1, AAAAA, 2016-05-31 09:34:21.392, AAAAA, 2016-05-31 09:34:21.392, 1, 51000]
Setting logged in user info for ADD
[EL Fine]: sql: 2016-05-31 09:34:21.405--ClientSession(1556070055)--Connection(1877211027)--Thread(Thread[Test worker,5,main])--INSERT INTO ast_CommunicationType_M (commType, commGroupId, commTypeDescription, commTypeName, versionId, createdBy, createdDate, updatedBy, updatedDate, activeStatus, txnAccessCode) VALUES (?, ?, ?, ?, ?, ?, ?, ?, ?, ?, ?)
	bind => [45324AB1-8DCB-4DC3-A337-D5B2F8216083, 22781FE4-22C9-4BA1-80CC-ECE148B72690, UpfdQqhRadBELG9NNhBCXumTzFaV2QyTl9gcr3wiiOO2WuLh2N, Umh5psIliQsFOv7qkQnKie0We5IwvwnX97v2a4LsjEDEuaa49m, 1, AAAAA, 2016-05-31 09:34:21.403, AAAAA, 2016-05-31 09:34:21.403, 1, 51000]
[EL Fine]: sql: 2016-05-31 09:34:21.414--ClientSession(2135222659)--Connection(1877211027)--Thread(Thread[Test worker,5,main])--SELECT commType, commGroupId, commTypeDescription, commTypeName, versionId, createdBy, createdDate, updatedBy, updatedDate, activeStatus, txnAccessCode FROM ast_CommunicationType_M WHERE ((activeStatus = ?) AND (commType = ?))
	bind => [1, 45324AB1-8DCB-4DC3-A337-D5B2F8216083]
Setting logged in user info for UPDATE
[EL Fine]: sql: 2016-05-31 09:34:21.417--ClientSession(1648597687)--Connection(1877211027)--Thread(Thread[Test worker,5,main])--SELECT commType, commGroupId, commTypeDescription, commTypeName, versionId, createdBy, createdDate, updatedBy, updatedDate, activeStatus, txnAccessCode FROM ast_CommunicationType_M WHERE (commType = ?)
	bind => [45324AB1-8DCB-4DC3-A337-D5B2F8216083]
[EL Fine]: sql: 2016-05-31 09:34:21.418--ClientSession(1648597687)--Connection(1877211027)--Thread(Thread[Test worker,5,main])--UPDATE ast_CommunicationType_M SET commTypeDescription = ?, commTypeName = ?, versionId = ? WHERE ((commType = ?) AND (versionId = ?))
	bind => [1Aobm6Tv0cAdiXWCmDEXyT8TEPcNYXYKnxn9fi8prCRVhP2RHi, ZIfTVQS8VXt6xgmQ6xw8TJhlY2b8p8wkUHcMsIs52Jm4WirTMW, 2, 45324AB1-8DCB-4DC3-A337-D5B2F8216083, 1]
[EL Fine]: sql: 2016-05-31 09:34:21.426--ClientSession(1884722700)--Connection(1877211027)--Thread(Thread[Test worker,5,main])--SELECT commType, commGroupId, commTypeDescription, commTypeName, versionId, createdBy, createdDate, updatedBy, updatedDate, activeStatus, txnAccessCode FROM ast_CommunicationType_M WHERE ((activeStatus = ?) AND (commType = ?))
	bind => [1, 45324AB1-8DCB-4DC3-A337-D5B2F8216083]
[EL Fine]: sql: 2016-05-31 09:34:21.443--ClientSession(1807789642)--Connection(1877211027)--Thread(Thread[Test worker,5,main])--SELECT commType, commGroupId, commTypeDescription, commTypeName, versionId, createdBy, createdDate, updatedBy, updatedDate, activeStatus, txnAccessCode FROM ast_CommunicationType_M WHERE (commType = ?)
	bind => [45324AB1-8DCB-4DC3-A337-D5B2F8216083]
[EL Fine]: sql: 2016-05-31 09:34:21.444--ClientSession(1807789642)--Connection(1877211027)--Thread(Thread[Test worker,5,main])--DELETE FROM ast_CommunicationType_M WHERE ((commType = ?) AND (versionId = ?))
	bind => [45324AB1-8DCB-4DC3-A337-D5B2F8216083, 2]
[EL Fine]: sql: 2016-05-31 09:34:21.448--ClientSession(1208774249)--Connection(1877211027)--Thread(Thread[Test worker,5,main])--SELECT commGroupId, commGroupDescription, commGroupName, versionId, createdBy, createdDate, updatedBy, updatedDate, activeStatus, txnAccessCode FROM ast_CommunicationGroup_M WHERE (commGroupId = ?)
	bind => [22781FE4-22C9-4BA1-80CC-ECE148B72690]
[EL Fine]: sql: 2016-05-31 09:34:21.45--ClientSession(1208774249)--Connection(1877211027)--Thread(Thread[Test worker,5,main])--DELETE FROM ast_CommunicationGroup_M WHERE ((commGroupId = ?) AND (versionId = ?))
	bind => [22781FE4-22C9-4BA1-80CC-ECE148B72690, 1]
]]></system-out>
  <system-err><![CDATA[CommunicationType.commTypeName may not be null
java.lang.SecurityException: CommunicationType.commTypeName may not be null
	at com.athena.server.pluggable.utils.helper.EntityValidatorHelper.validateEntity(EntityValidatorHelper.java:37)
	at com.app.shared.organization.contactmanagement.CommunicationType.isValid(CommunicationType.java:162)
	at com.app.server.service.organization.contactmanagement.CommunicationTypeTestCase.validateCommunicationType(CommunicationTypeTestCase.java:195)
	at com.app.server.service.organization.contactmanagement.CommunicationTypeTestCase.test5NegativeTesting(CommunicationTypeTestCase.java:227)
	at sun.reflect.NativeMethodAccessorImpl.invoke0(Native Method)
	at sun.reflect.NativeMethodAccessorImpl.invoke(NativeMethodAccessorImpl.java:57)
	at sun.reflect.DelegatingMethodAccessorImpl.invoke(DelegatingMethodAccessorImpl.java:43)
	at java.lang.reflect.Method.invoke(Method.java:606)
	at org.junit.runners.model.FrameworkMethod$1.runReflectiveCall(FrameworkMethod.java:47)
	at org.junit.internal.runners.model.ReflectiveCallable.run(ReflectiveCallable.java:12)
	at org.junit.runners.model.FrameworkMethod.invokeExplosively(FrameworkMethod.java:44)
	at org.junit.internal.runners.statements.InvokeMethod.evaluate(InvokeMethod.java:17)
	at org.junit.internal.runners.statements.RunBefores.evaluate(RunBefores.java:26)
	at org.springframework.test.context.junit4.statements.RunBeforeTestMethodCallbacks.evaluate(RunBeforeTestMethodCallbacks.java:74)
	at org.junit.internal.runners.statements.RunAfters.evaluate(RunAfters.java:27)
	at org.springframework.test.context.junit4.statements.RunAfterTestMethodCallbacks.evaluate(RunAfterTestMethodCallbacks.java:83)
	at org.springframework.test.context.junit4.statements.SpringRepeat.evaluate(SpringRepeat.java:72)
	at org.springframework.test.context.junit4.SpringJUnit4ClassRunner.runChild(SpringJUnit4ClassRunner.java:233)
	at org.springframework.test.context.junit4.SpringJUnit4ClassRunner.runChild(SpringJUnit4ClassRunner.java:87)
	at org.junit.runners.ParentRunner$3.run(ParentRunner.java:238)
	at org.junit.runners.ParentRunner$1.schedule(ParentRunner.java:63)
	at org.junit.runners.ParentRunner.runChildren(ParentRunner.java:236)
	at org.junit.runners.ParentRunner.access$000(ParentRunner.java:53)
	at org.junit.runners.ParentRunner$2.evaluate(ParentRunner.java:229)
	at org.junit.internal.runners.statements.RunBefores.evaluate(RunBefores.java:26)
	at org.springframework.test.context.junit4.statements.RunBeforeTestClassCallbacks.evaluate(RunBeforeTestClassCallbacks.java:61)
	at org.springframework.test.context.junit4.statements.RunAfterTestClassCallbacks.evaluate(RunAfterTestClassCallbacks.java:71)
	at org.junit.runners.ParentRunner.run(ParentRunner.java:309)
	at org.springframework.test.context.junit4.SpringJUnit4ClassRunner.run(SpringJUnit4ClassRunner.java:176)
	at org.gradle.api.internal.tasks.testing.junit.JUnitTestClassExecuter.runTestClass(JUnitTestClassExecuter.java:86)
	at org.gradle.api.internal.tasks.testing.junit.JUnitTestClassExecuter.execute(JUnitTestClassExecuter.java:49)
	at org.gradle.api.internal.tasks.testing.junit.JUnitTestClassProcessor.processTestClass(JUnitTestClassProcessor.java:64)
	at org.gradle.api.internal.tasks.testing.SuiteTestClassProcessor.processTestClass(SuiteTestClassProcessor.java:50)
	at sun.reflect.GeneratedMethodAccessor109.invoke(Unknown Source)
	at sun.reflect.DelegatingMethodAccessorImpl.invoke(DelegatingMethodAccessorImpl.java:43)
	at java.lang.reflect.Method.invoke(Method.java:606)
	at org.gradle.messaging.dispatch.ReflectionDispatch.dispatch(ReflectionDispatch.java:35)
	at org.gradle.messaging.dispatch.ReflectionDispatch.dispatch(ReflectionDispatch.java:24)
	at org.gradle.messaging.dispatch.ContextClassLoaderDispatch.dispatch(ContextClassLoaderDispatch.java:32)
	at org.gradle.messaging.dispatch.ProxyDispatchAdapter$DispatchingInvocationHandler.invoke(ProxyDispatchAdapter.java:93)
	at com.sun.proxy.$Proxy2.processTestClass(Unknown Source)
	at org.gradle.api.internal.tasks.testing.worker.TestWorker.processTestClass(TestWorker.java:106)
	at sun.reflect.GeneratedMethodAccessor108.invoke(Unknown Source)
	at sun.reflect.DelegatingMethodAccessorImpl.invoke(DelegatingMethodAccessorImpl.java:43)
	at java.lang.reflect.Method.invoke(Method.java:606)
	at org.gradle.messaging.dispatch.ReflectionDispatch.dispatch(ReflectionDispatch.java:35)
	at org.gradle.messaging.dispatch.ReflectionDispatch.dispatch(ReflectionDispatch.java:24)
	at org.gradle.messaging.remote.internal.hub.MessageHub$Handler.run(MessageHub.java:360)
	at org.gradle.internal.concurrent.DefaultExecutorFactory$StoppableExecutorImpl$1.run(DefaultExecutorFactory.java:64)
	at java.util.concurrent.ThreadPoolExecutor.runWorker(ThreadPoolExecutor.java:1145)
	at java.util.concurrent.ThreadPoolExecutor$Worker.run(ThreadPoolExecutor.java:615)
	at java.lang.Thread.run(Thread.java:745)
CommunicationType.commTypeName size must be between 0 and 128
java.lang.SecurityException: CommunicationType.commTypeName size must be between 0 and 128
	at com.athena.server.pluggable.utils.helper.EntityValidatorHelper.validateEntity(EntityValidatorHelper.java:37)
	at com.app.shared.organization.contactmanagement.CommunicationType.isValid(CommunicationType.java:162)
	at com.app.server.service.organization.contactmanagement.CommunicationTypeTestCase.validateCommunicationType(CommunicationTypeTestCase.java:193)
	at com.app.server.service.organization.contactmanagement.CommunicationTypeTestCase.test5NegativeTesting(CommunicationTypeTestCase.java:232)
	at sun.reflect.NativeMethodAccessorImpl.invoke0(Native Method)
	at sun.reflect.NativeMethodAccessorImpl.invoke(NativeMethodAccessorImpl.java:57)
	at sun.reflect.DelegatingMethodAccessorImpl.invoke(DelegatingMethodAccessorImpl.java:43)
	at java.lang.reflect.Method.invoke(Method.java:606)
	at org.junit.runners.model.FrameworkMethod$1.runReflectiveCall(FrameworkMethod.java:47)
	at org.junit.internal.runners.model.ReflectiveCallable.run(ReflectiveCallable.java:12)
	at org.junit.runners.model.FrameworkMethod.invokeExplosively(FrameworkMethod.java:44)
	at org.junit.internal.runners.statements.InvokeMethod.evaluate(InvokeMethod.java:17)
	at org.junit.internal.runners.statements.RunBefores.evaluate(RunBefores.java:26)
	at org.springframework.test.context.junit4.statements.RunBeforeTestMethodCallbacks.evaluate(RunBeforeTestMethodCallbacks.java:74)
	at org.junit.internal.runners.statements.RunAfters.evaluate(RunAfters.java:27)
	at org.springframework.test.context.junit4.statements.RunAfterTestMethodCallbacks.evaluate(RunAfterTestMethodCallbacks.java:83)
	at org.springframework.test.context.junit4.statements.SpringRepeat.evaluate(SpringRepeat.java:72)
	at org.springframework.test.context.junit4.SpringJUnit4ClassRunner.runChild(SpringJUnit4ClassRunner.java:233)
	at org.springframework.test.context.junit4.SpringJUnit4ClassRunner.runChild(SpringJUnit4ClassRunner.java:87)
	at org.junit.runners.ParentRunner$3.run(ParentRunner.java:238)
	at org.junit.runners.ParentRunner$1.schedule(ParentRunner.java:63)
	at org.junit.runners.ParentRunner.runChildren(ParentRunner.java:236)
	at org.junit.runners.ParentRunner.access$000(ParentRunner.java:53)
	at org.junit.runners.ParentRunner$2.evaluate(ParentRunner.java:229)
	at org.junit.internal.runners.statements.RunBefores.evaluate(RunBefores.java:26)
	at org.springframework.test.context.junit4.statements.RunBeforeTestClassCallbacks.evaluate(RunBeforeTestClassCallbacks.java:61)
	at org.springframework.test.context.junit4.statements.RunAfterTestClassCallbacks.evaluate(RunAfterTestClassCallbacks.java:71)
	at org.junit.runners.ParentRunner.run(ParentRunner.java:309)
	at org.springframework.test.context.junit4.SpringJUnit4ClassRunner.run(SpringJUnit4ClassRunner.java:176)
	at org.gradle.api.internal.tasks.testing.junit.JUnitTestClassExecuter.runTestClass(JUnitTestClassExecuter.java:86)
	at org.gradle.api.internal.tasks.testing.junit.JUnitTestClassExecuter.execute(JUnitTestClassExecuter.java:49)
	at org.gradle.api.internal.tasks.testing.junit.JUnitTestClassProcessor.processTestClass(JUnitTestClassProcessor.java:64)
	at org.gradle.api.internal.tasks.testing.SuiteTestClassProcessor.processTestClass(SuiteTestClassProcessor.java:50)
	at sun.reflect.GeneratedMethodAccessor109.invoke(Unknown Source)
	at sun.reflect.DelegatingMethodAccessorImpl.invoke(DelegatingMethodAccessorImpl.java:43)
	at java.lang.reflect.Method.invoke(Method.java:606)
	at org.gradle.messaging.dispatch.ReflectionDispatch.dispatch(ReflectionDispatch.java:35)
	at org.gradle.messaging.dispatch.ReflectionDispatch.dispatch(ReflectionDispatch.java:24)
	at org.gradle.messaging.dispatch.ContextClassLoaderDispatch.dispatch(ContextClassLoaderDispatch.java:32)
	at org.gradle.messaging.dispatch.ProxyDispatchAdapter$DispatchingInvocationHandler.invoke(ProxyDispatchAdapter.java:93)
	at com.sun.proxy.$Proxy2.processTestClass(Unknown Source)
	at org.gradle.api.internal.tasks.testing.worker.TestWorker.processTestClass(TestWorker.java:106)
	at sun.reflect.GeneratedMethodAccessor108.invoke(Unknown Source)
	at sun.reflect.DelegatingMethodAccessorImpl.invoke(DelegatingMethodAccessorImpl.java:43)
	at java.lang.reflect.Method.invoke(Method.java:606)
	at org.gradle.messaging.dispatch.ReflectionDispatch.dispatch(ReflectionDispatch.java:35)
	at org.gradle.messaging.dispatch.ReflectionDispatch.dispatch(ReflectionDispatch.java:24)
	at org.gradle.messaging.remote.internal.hub.MessageHub$Handler.run(MessageHub.java:360)
	at org.gradle.internal.concurrent.DefaultExecutorFactory$StoppableExecutorImpl$1.run(DefaultExecutorFactory.java:64)
	at java.util.concurrent.ThreadPoolExecutor.runWorker(ThreadPoolExecutor.java:1145)
	at java.util.concurrent.ThreadPoolExecutor$Worker.run(ThreadPoolExecutor.java:615)
	at java.lang.Thread.run(Thread.java:745)
CommunicationType.commTypeDescription size must be between 0 and 256
java.lang.SecurityException: CommunicationType.commTypeDescription size must be between 0 and 256
	at com.athena.server.pluggable.utils.helper.EntityValidatorHelper.validateEntity(EntityValidatorHelper.java:37)
	at com.app.shared.organization.contactmanagement.CommunicationType.isValid(CommunicationType.java:162)
	at com.app.server.service.organization.contactmanagement.CommunicationTypeTestCase.validateCommunicationType(CommunicationTypeTestCase.java:193)
	at com.app.server.service.organization.contactmanagement.CommunicationTypeTestCase.test5NegativeTesting(CommunicationTypeTestCase.java:237)
	at sun.reflect.NativeMethodAccessorImpl.invoke0(Native Method)
	at sun.reflect.NativeMethodAccessorImpl.invoke(NativeMethodAccessorImpl.java:57)
	at sun.reflect.DelegatingMethodAccessorImpl.invoke(DelegatingMethodAccessorImpl.java:43)
	at java.lang.reflect.Method.invoke(Method.java:606)
	at org.junit.runners.model.FrameworkMethod$1.runReflectiveCall(FrameworkMethod.java:47)
	at org.junit.internal.runners.model.ReflectiveCallable.run(ReflectiveCallable.java:12)
	at org.junit.runners.model.FrameworkMethod.invokeExplosively(FrameworkMethod.java:44)
	at org.junit.internal.runners.statements.InvokeMethod.evaluate(InvokeMethod.java:17)
	at org.junit.internal.runners.statements.RunBefores.evaluate(RunBefores.java:26)
	at org.springframework.test.context.junit4.statements.RunBeforeTestMethodCallbacks.evaluate(RunBeforeTestMethodCallbacks.java:74)
	at org.junit.internal.runners.statements.RunAfters.evaluate(RunAfters.java:27)
	at org.springframework.test.context.junit4.statements.RunAfterTestMethodCallbacks.evaluate(RunAfterTestMethodCallbacks.java:83)
	at org.springframework.test.context.junit4.statements.SpringRepeat.evaluate(SpringRepeat.java:72)
	at org.springframework.test.context.junit4.SpringJUnit4ClassRunner.runChild(SpringJUnit4ClassRunner.java:233)
	at org.springframework.test.context.junit4.SpringJUnit4ClassRunner.runChild(SpringJUnit4ClassRunner.java:87)
	at org.junit.runners.ParentRunner$3.run(ParentRunner.java:238)
	at org.junit.runners.ParentRunner$1.schedule(ParentRunner.java:63)
	at org.junit.runners.ParentRunner.runChildren(ParentRunner.java:236)
	at org.junit.runners.ParentRunner.access$000(ParentRunner.java:53)
	at org.junit.runners.ParentRunner$2.evaluate(ParentRunner.java:229)
	at org.junit.internal.runners.statements.RunBefores.evaluate(RunBefores.java:26)
	at org.springframework.test.context.junit4.statements.RunBeforeTestClassCallbacks.evaluate(RunBeforeTestClassCallbacks.java:61)
	at org.springframework.test.context.junit4.statements.RunAfterTestClassCallbacks.evaluate(RunAfterTestClassCallbacks.java:71)
	at org.junit.runners.ParentRunner.run(ParentRunner.java:309)
	at org.springframework.test.context.junit4.SpringJUnit4ClassRunner.run(SpringJUnit4ClassRunner.java:176)
	at org.gradle.api.internal.tasks.testing.junit.JUnitTestClassExecuter.runTestClass(JUnitTestClassExecuter.java:86)
	at org.gradle.api.internal.tasks.testing.junit.JUnitTestClassExecuter.execute(JUnitTestClassExecuter.java:49)
	at org.gradle.api.internal.tasks.testing.junit.JUnitTestClassProcessor.processTestClass(JUnitTestClassProcessor.java:64)
	at org.gradle.api.internal.tasks.testing.SuiteTestClassProcessor.processTestClass(SuiteTestClassProcessor.java:50)
	at sun.reflect.GeneratedMethodAccessor109.invoke(Unknown Source)
	at sun.reflect.DelegatingMethodAccessorImpl.invoke(DelegatingMethodAccessorImpl.java:43)
	at java.lang.reflect.Method.invoke(Method.java:606)
	at org.gradle.messaging.dispatch.ReflectionDispatch.dispatch(ReflectionDispatch.java:35)
	at org.gradle.messaging.dispatch.ReflectionDispatch.dispatch(ReflectionDispatch.java:24)
	at org.gradle.messaging.dispatch.ContextClassLoaderDispatch.dispatch(ContextClassLoaderDispatch.java:32)
	at org.gradle.messaging.dispatch.ProxyDispatchAdapter$DispatchingInvocationHandler.invoke(ProxyDispatchAdapter.java:93)
	at com.sun.proxy.$Proxy2.processTestClass(Unknown Source)
	at org.gradle.api.internal.tasks.testing.worker.TestWorker.processTestClass(TestWorker.java:106)
	at sun.reflect.GeneratedMethodAccessor108.invoke(Unknown Source)
	at sun.reflect.DelegatingMethodAccessorImpl.invoke(DelegatingMethodAccessorImpl.java:43)
	at java.lang.reflect.Method.invoke(Method.java:606)
	at org.gradle.messaging.dispatch.ReflectionDispatch.dispatch(ReflectionDispatch.java:35)
	at org.gradle.messaging.dispatch.ReflectionDispatch.dispatch(ReflectionDispatch.java:24)
	at org.gradle.messaging.remote.internal.hub.MessageHub$Handler.run(MessageHub.java:360)
	at org.gradle.internal.concurrent.DefaultExecutorFactory$StoppableExecutorImpl$1.run(DefaultExecutorFactory.java:64)
	at java.util.concurrent.ThreadPoolExecutor.runWorker(ThreadPoolExecutor.java:1145)
	at java.util.concurrent.ThreadPoolExecutor$Worker.run(ThreadPoolExecutor.java:615)
	at java.lang.Thread.run(Thread.java:745)
]]></system-err>
</testsuite>
